Determining if the pthread_create exist failed with the following output:
Change Dir: /home/hiwonder/jethexa_vm/build/catkin_tools_prebuild/CMakeFiles/CMakeTmp

Run Build Command:"/usr/bin/make" "cmTC_5f811/fast"
/usr/bin/make -f CMakeFiles/cmTC_5f811.dir/build.make CMakeFiles/cmTC_5f811.dir/build
make[1]: Entering directory '/home/hiwonder/jethexa_vm/build/catkin_tools_prebuild/CMakeFiles/CMakeTmp'
Building C object CMakeFiles/cmTC_5f811.dir/CheckSymbolExists.c.o
/usr/bin/cc    -o CMakeFiles/cmTC_5f811.dir/CheckSymbolExists.c.o   -c /home/hiwonder/jethexa_vm/build/catkin_tools_prebuild/CMakeFiles/CMakeTmp/CheckSymbolExists.c
Linking C executable cmTC_5f811
/usr/bin/cmake -E cmake_link_script CMakeFiles/cmTC_5f811.dir/link.txt --verbose=1
/usr/bin/cc      -rdynamic CMakeFiles/cmTC_5f811.dir/CheckSymbolExists.c.o  -o cmTC_5f811 
CMakeFiles/cmTC_5f811.dir/CheckSymbolExists.c.o: In function `main':
CheckSymbolExists.c:(.text+0x1b): undefined reference to `pthread_create'
collect2: error: ld returned 1 exit status
CMakeFiles/cmTC_5f811.dir/build.make:97: recipe for target 'cmTC_5f811' failed
make[1]: *** [cmTC_5f811] Error 1
make[1]: Leaving directory '/home/hiwonder/jethexa_vm/build/catkin_tools_prebuild/CMakeFiles/CMakeTmp'
Makefile:126: recipe for target 'cmTC_5f811/fast' failed
make: *** [cmTC_5f811/fast] Error 2

File /home/hiwonder/jethexa_vm/build/catkin_tools_prebuild/CMakeFiles/CMakeTmp/CheckSymbolExists.c:
/* */
#include <pthread.h>

int main(int argc, char** argv)
{
  (void)argv;
#ifndef pthread_create
  return ((int*)(&pthread_create))[argc];
#else
  (void)argc;
  return 0;
#endif
}

Determining if the function pthread_create exists in the pthreads failed with the following output:
Change Dir: /home/hiwonder/jethexa_vm/build/catkin_tools_prebuild/CMakeFiles/CMakeTmp

Run Build Command:"/usr/bin/make" "cmTC_d088f/fast"
/usr/bin/make -f CMakeFiles/cmTC_d088f.dir/build.make CMakeFiles/cmTC_d088f.dir/build
make[1]: Entering directory '/home/hiwonder/jethexa_vm/build/catkin_tools_prebuild/CMakeFiles/CMakeTmp'
Building C object CMakeFiles/cmTC_d088f.dir/CheckFunctionExists.c.o
/usr/bin/cc   -DCHECK_FUNCTION_EXISTS=pthread_create   -o CMakeFiles/cmTC_d088f.dir/CheckFunctionExists.c.o   -c /usr/share/cmake-3.10/Modules/CheckFunctionExists.c
Linking C executable cmTC_d088f
/usr/bin/cmake -E cmake_link_script CMakeFiles/cmTC_d088f.dir/link.txt --verbose=1
/usr/bin/cc  -DCHECK_FUNCTION_EXISTS=pthread_create    -rdynamic CMakeFiles/cmTC_d088f.dir/CheckFunctionExists.c.o  -o cmTC_d088f -lpthreads 
/usr/bin/ld: cannot find -lpthreads
collect2: error: ld returned 1 exit status
CMakeFiles/cmTC_d088f.dir/build.make:97: recipe for target 'cmTC_d088f' failed
make[1]: *** [cmTC_d088f] Error 1
make[1]: Leaving directory '/home/hiwonder/jethexa_vm/build/catkin_tools_prebuild/CMakeFiles/CMakeTmp'
Makefile:126: recipe for target 'cmTC_d088f/fast' failed
make: *** [cmTC_d088f/fast] Error 2


