Determining if the pthread_create exist failed with the following output:
Change Dir: /home/hiwonder/jethexa_vm/build/jethexa_controller/CMakeFiles/CMakeTmp

Run Build Command:"/usr/bin/make" "cmTC_819ca/fast"
/usr/bin/make -f CMakeFiles/cmTC_819ca.dir/build.make CMakeFiles/cmTC_819ca.dir/build
make[1]: Entering directory '/home/hiwonder/jethexa_vm/build/jethexa_controller/CMakeFiles/CMakeTmp'
Building C object CMakeFiles/cmTC_819ca.dir/CheckSymbolExists.c.o
/usr/bin/cc    -o CMakeFiles/cmTC_819ca.dir/CheckSymbolExists.c.o   -c /home/hiwonder/jethexa_vm/build/jethexa_controller/CMakeFiles/CMakeTmp/CheckSymbolExists.c
Linking C executable cmTC_819ca
/usr/bin/cmake -E cmake_link_script CMakeFiles/cmTC_819ca.dir/link.txt --verbose=1
/usr/bin/cc      -rdynamic CMakeFiles/cmTC_819ca.dir/CheckSymbolExists.c.o  -o cmTC_819ca 
CMakeFiles/cmTC_819ca.dir/CheckSymbolExists.c.o: In function `main':
CheckSymbolExists.c:(.text+0x1b): undefined reference to `pthread_create'
collect2: error: ld returned 1 exit status
CMakeFiles/cmTC_819ca.dir/build.make:97: recipe for target 'cmTC_819ca' failed
make[1]: *** [cmTC_819ca] Error 1
make[1]: Leaving directory '/home/hiwonder/jethexa_vm/build/jethexa_controller/CMakeFiles/CMakeTmp'
Makefile:126: recipe for target 'cmTC_819ca/fast' failed
make: *** [cmTC_819ca/fast] Error 2

File /home/hiwonder/jethexa_vm/build/jethexa_controller/CMakeFiles/CMakeTmp/CheckSymbolExists.c:
/* */
#include <pthread.h>

int main(int argc, char** argv)
{
  (void)argv;
#ifndef pthread_create
  return ((int*)(&pthread_create))[argc];
#else
  (void)argc;
  return 0;
#endif
}

Determining if the function pthread_create exists in the pthreads failed with the following output:
Change Dir: /home/hiwonder/jethexa_vm/build/jethexa_controller/CMakeFiles/CMakeTmp

Run Build Command:"/usr/bin/make" "cmTC_50cac/fast"
/usr/bin/make -f CMakeFiles/cmTC_50cac.dir/build.make CMakeFiles/cmTC_50cac.dir/build
make[1]: Entering directory '/home/hiwonder/jethexa_vm/build/jethexa_controller/CMakeFiles/CMakeTmp'
Building C object CMakeFiles/cmTC_50cac.dir/CheckFunctionExists.c.o
/usr/bin/cc   -DCHECK_FUNCTION_EXISTS=pthread_create   -o CMakeFiles/cmTC_50cac.dir/CheckFunctionExists.c.o   -c /usr/share/cmake-3.10/Modules/CheckFunctionExists.c
Linking C executable cmTC_50cac
/usr/bin/cmake -E cmake_link_script CMakeFiles/cmTC_50cac.dir/link.txt --verbose=1
/usr/bin/cc  -DCHECK_FUNCTION_EXISTS=pthread_create    -rdynamic CMakeFiles/cmTC_50cac.dir/CheckFunctionExists.c.o  -o cmTC_50cac -lpthreads 
/usr/bin/ld: cannot find -lpthreads
collect2: error: ld returned 1 exit status
CMakeFiles/cmTC_50cac.dir/build.make:97: recipe for target 'cmTC_50cac' failed
make[1]: *** [cmTC_50cac] Error 1
make[1]: Leaving directory '/home/hiwonder/jethexa_vm/build/jethexa_controller/CMakeFiles/CMakeTmp'
Makefile:126: recipe for target 'cmTC_50cac/fast' failed
make: *** [cmTC_50cac/fast] Error 2


